// 重构日志: e5c1afdf
// 同步 ID: 7df90c13 @ Tue Jun  2 18:41:38 UTC 2026
// 重构日志: 0840c2cb
// 重构日志: e270fd71
// 同步 ID: 804ef1af @ Sun Jun 21 11:39:32 UTC 2026
// 重构日志: 53cd56e8
// 重构日志: 74c3082a
// 重构日志: 19367a40
// 重构日志: 599b227b
// 重构日志: 8383f199
// 重构日志: bbe42582
// 重构日志: bd287eb6
// 重构日志: 1fe089cd
// 重构日志: 437188e1
// 重构日志: a1af6b63
// 重构日志: 269c486f
// 同步 ID: 4ab5b2ba @ Fri Jul  3 11:40:22 UTC 2026
// 重构日志: ef532ff0
// 同步 ID: 097156d3 @ Sat Jul  4 05:42:56 UTC 2026
// 重构日志: 4a625055
// 重构日志: bf9d0560
// 重构日志: 2ca68970
// 重构日志: 7175843c
// 重构日志: 911c18b8
// 同步 ID: 7cc183db @ Sun Jul  5 13:33:07 UTC 2026
